<?xml version="1.0" encoding="UTF-8" ?>
<testsuite tests="8" failures="6" name="pt.ipp.isep.dei.lapr2.pot.model.RegistryOrganizationsTest" time="0.255" errors="0" skipped="0">
  <properties>
[...]
</properties>
  <testcase classname="pt.ipp.isep.dei.lapr2.pot.model.RegistryOrganizationsTest" name="determineIntervals" time="0.07"/>
  <testcase classname="pt.ipp.isep.dei.lapr2.pot.model.RegistryOrganizationsTest" name="calculateMeanPayment" time="0.024">
    <failure message="expected:&lt;{MA=1600.0, MS3=6000.0}&gt; but was:&lt;{JW1=925.0, MA=1600.0, MS3=4832.164948453608}&gt;" type="java.lang.AssertionError">java.lang.AssertionError: expected:&lt;{MA=1600.0, MS3=6000.0}&gt; but was:&lt;{JW1=925.0, MA=1600.0, MS3=4832.164948453608}&gt;
	at org.junit.Assert.fail(Assert.java:88)
	at org.junit.Assert.failNotEquals(Assert.java:834)
	at org.junit.Assert.assertEquals(Assert.java:118)
	at org.junit.Assert.assertEquals(Assert.java:144)
	at pt.ipp.isep.dei.lapr2.pot.model.RegistryOrganizationsTest.calculateMeanPayment(RegistryOrganizationsTest.java:116)
	at sun.reflect.NativeMethodAccessorImpl.invoke0(Native Method)
	at sun.reflect.NativeMethodAccessorImpl.invoke(NativeMethodAccessorImpl.java:62)
	at sun.reflect.DelegatingMethodAccessorImpl.invoke(DelegatingMethodAccessorImpl.java:43)
	at java.lang.reflect.Method.invoke(Method.java:498)
	at org.junit.runners.model.FrameworkMethod$1.runReflectiveCall(FrameworkMethod.java:50)
	at org.junit.internal.runners.model.ReflectiveCallable.run(ReflectiveCallable.java:12)
	at org.junit.runners.model.FrameworkMethod.invokeExplosively(FrameworkMethod.java:47)
	at org.junit.internal.runners.statements.InvokeMethod.evaluate(InvokeMethod.java:17)
	at org.junit.runners.ParentRunner.runLeaf(ParentRunner.java:325)
	at org.junit.runners.BlockJUnit4ClassRunner.runChild(BlockJUnit4ClassRunner.java:78)
	at org.junit.runners.BlockJUnit4ClassRunner.runChild(BlockJUnit4ClassRunner.java:57)
	at org.junit.runners.ParentRunner$3.run(ParentRunner.java:290)
	at org.junit.runners.ParentRunner$1.schedule(ParentRunner.java:71)
	at org.junit.runners.ParentRunner.runChildren(ParentRunner.java:288)
	at org.junit.runners.ParentRunner.access$000(ParentRunner.java:58)
	at org.junit.runners.ParentRunner$2.evaluate(ParentRunner.java:268)
	at org.junit.runners.ParentRunner.run(ParentRunner.java:363)
	at org.apache.maven.surefire.junit4.JUnit4Provider.execute(JUnit4Provider.java:252)
	at org.apache.maven.surefire.junit4.JUnit4Provider.executeTestSet(JUnit4Provider.java:141)
	at org.apache.maven.surefire.junit4.JUnit4Provider.invoke(JUnit4Provider.java:112)
	at sun.reflect.NativeMethodAccessorImpl.invoke0(Native Method)
	at sun.reflect.NativeMethodAccessorImpl.invoke(NativeMethodAccessorImpl.java:62)
	at sun.reflect.DelegatingMethodAccessorImpl.invoke(DelegatingMethodAccessorImpl.java:43)
	at java.lang.reflect.Method.invoke(Method.java:498)
	at org.apache.maven.surefire.util.ReflectionUtils.invokeMethodWithArray(ReflectionUtils.java:189)
	at org.apache.maven.surefire.booter.ProviderFactory$ProviderProxy.invoke(ProviderFactory.java:165)
	at org.apache.maven.surefire.booter.ProviderFactory.invokeProvider(ProviderFactory.java:85)
	at org.apache.maven.surefire.booter.ForkedBooter.runSuitesInProcess(ForkedBooter.java:115)
	at org.apache.maven.surefire.booter.ForkedBooter.main(ForkedBooter.java:75)
</failure>
  </testcase>
  <testcase classname="pt.ipp.isep.dei.lapr2.pot.model.RegistryOrganizationsTest" name="determinePaymentPlatform" time="0.024">
    <failure message="expected:&lt;{JW1=[960.0, 800.0]}&gt; but was:&lt;{JW1=[960.0, 900.0, 960.0, 900.0, 960.0, 900.0, 960.0, 900.0, 960.0, 900.0, 900.0, 900.0, 960.0, 800.0], MA=[1600.0, 1600.0, 1600.0, 1600.0, 1600.0, 1600.0, 1600.0, 1600.0], MS3=[6000.0, 6000.0, 6000.0, 6000.0, 6000.0, 6000.0, 6000.0, 6000.0, 1800.0, 1800.0, 1800.0, 6000.0, 6000.0, 6000.0, 6000.0, 6000.0, 6000.0, 6000.0, 6000.0, 1800.0, 1800.0, 1800.0, 6000.0, 6000.0, 6000.0, 6000.0, 6000.0, 6000.0, 6000.0, 6000.0, 1800.0, 1800.0, 1800.0, 6000.0, 6000.0, 6000.0, 6000.0, 6000.0, 6000.0, 6000.0, 6000.0, 1800.0, 1800.0, 1800.0, 6000.0, 6000.0, 6000.0, 6000.0, 6000.0, 6000.0, 6000.0, 6000.0, 1800.0, 1800.0, 1800.0, 6000.0, 1920.0, 6000.0, 6000.0, 6000.0, 6000.0, 6000.0, 1800.0, 1800.0, 1800.0, 6000.0, 6000.0, 6000.0, 6000.0, 6000.0, 6000.0, 6000.0, 1800.0, 1800.0, 6000.0, 6000.0, 6000.0, 6000.0, 6000.0, 6000.0, 6000.0, 6000.0, 1800.0, 1800.0, 1800.0, 6000.0, 6000.0, 6000.0, 6000.0, 6000.0, 6000.0, 6000.0, 1800.0, 1800.0, 1800.0]}&gt;" type="java.lang.AssertionError">java.lang.AssertionError: expected:&lt;{JW1=[960.0, 800.0]}&gt; but was:&lt;{JW1=[960.0, 900.0, 960.0, 900.0, 960.0, 900.0, 960.0, 900.0, 960.0, 900.0, 900.0, 900.0, 960.0, 800.0], MA=[1600.0, 1600.0, 1600.0, 1600.0, 1600.0, 1600.0, 1600.0, 1600.0], MS3=[6000.0, 6000.0, 6000.0, 6000.0, 6000.0, 6000.0, 6000.0, 6000.0, 1800.0, 1800.0, 1800.0, 6000.0, 6000.0, 6000.0, 6000.0, 6000.0, 6000.0, 6000.0, 6000.0, 1800.0, 1800.0, 1800.0, 6000.0, 6000.0, 6000.0, 6000.0, 6000.0, 6000.0, 6000.0, 6000.0, 1800.0, 1800.0, 1800.0, 6000.0, 6000.0, 6000.0, 6000.0, 6000.0, 6000.0, 6000.0, 6000.0, 1800.0, 1800.0, 1800.0, 6000.0, 6000.0, 6000.0, 6000.0, 6000.0, 6000.0, 6000.0, 6000.0, 1800.0, 1800.0, 1800.0, 6000.0, 1920.0, 6000.0, 6000.0, 6000.0, 6000.0, 6000.0, 1800.0, 1800.0, 1800.0, 6000.0, 6000.0, 6000.0, 6000.0, 6000.0, 6000.0, 6000.0, 1800.0, 1800.0, 6000.0, 6000.0, 6000.0, 6000.0, 6000.0, 6000.0, 6000.0, 6000.0, 1800.0, 1800.0, 1800.0, 6000.0, 6000.0, 6000.0, 6000.0, 6000.0, 6000.0, 6000.0, 1800.0, 1800.0, 1800.0]}&gt;
	at org.junit.Assert.fail(Assert.java:88)
	at org.junit.Assert.failNotEquals(Assert.java:834)
	at org.junit.Assert.assertEquals(Assert.java:118)
	at org.junit.Assert.assertEquals(Assert.java:144)
	at pt.ipp.isep.dei.lapr2.pot.model.RegistryOrganizationsTest.determinePaymentPlatform(RegistryOrganizationsTest.java:57)
	at sun.reflect.NativeMethodAccessorImpl.invoke0(Native Method)
	at sun.reflect.NativeMethodAccessorImpl.invoke(NativeMethodAccessorImpl.java:62)
	at sun.reflect.DelegatingMethodAccessorImpl.invoke(DelegatingMethodAccessorImpl.java:43)
	at java.lang.reflect.Method.invoke(Method.java:498)
	at org.junit.runners.model.FrameworkMethod$1.runReflectiveCall(FrameworkMethod.java:50)
	at org.junit.internal.runners.model.ReflectiveCallable.run(ReflectiveCallable.java:12)
	at org.junit.runners.model.FrameworkMethod.invokeExplosively(FrameworkMethod.java:47)
	at org.junit.internal.runners.statements.InvokeMethod.evaluate(InvokeMethod.java:17)
	at org.junit.runners.ParentRunner.runLeaf(ParentRunner.java:325)
	at org.junit.runners.BlockJUnit4ClassRunner.runChild(BlockJUnit4ClassRunner.java:78)
	at org.junit.runners.BlockJUnit4ClassRunner.runChild(BlockJUnit4ClassRunner.java:57)
	at org.junit.runners.ParentRunner$3.run(ParentRunner.java:290)
	at org.junit.runners.ParentRunner$1.schedule(ParentRunner.java:71)
	at org.junit.runners.ParentRunner.runChildren(ParentRunner.java:288)
	at org.junit.runners.ParentRunner.access$000(ParentRunner.java:58)
	at org.junit.runners.ParentRunner$2.evaluate(ParentRunner.java:268)
	at org.junit.runners.ParentRunner.run(ParentRunner.java:363)
	at org.apache.maven.surefire.junit4.JUnit4Provider.execute(JUnit4Provider.java:252)
	at org.apache.maven.surefire.junit4.JUnit4Provider.executeTestSet(JUnit4Provider.java:141)
	at org.apache.maven.surefire.junit4.JUnit4Provider.invoke(JUnit4Provider.java:112)
	at sun.reflect.NativeMethodAccessorImpl.invoke0(Native Method)
	at sun.reflect.NativeMethodAccessorImpl.invoke(NativeMethodAccessorImpl.java:62)
	at sun.reflect.DelegatingMethodAccessorImpl.invoke(DelegatingMethodAccessorImpl.java:43)
	at java.lang.reflect.Method.invoke(Method.java:498)
	at org.apache.maven.surefire.util.ReflectionUtils.invokeMethodWithArray(ReflectionUtils.java:189)
	at org.apache.maven.surefire.booter.ProviderFactory$ProviderProxy.invoke(ProviderFactory.java:165)
	at org.apache.maven.surefire.booter.ProviderFactory.invokeProvider(ProviderFactory.java:85)
	at org.apache.maven.surefire.booter.ForkedBooter.runSuitesInProcess(ForkedBooter.java:115)
	at org.apache.maven.surefire.booter.ForkedBooter.main(ForkedBooter.java:75)
</failure>
  </testcase>
  <testcase classname="pt.ipp.isep.dei.lapr2.pot.model.RegistryOrganizationsTest" name="determineDelayPlatform" time="0.024">
    <failure message="expected:&lt;{JW1=[1.0], MA=[3.0]}&gt; but was:&lt;{JW1=[1.0, 0.0, 1.0, 0.0, 1.0, 0.0, 1.0, 0.0, 1.0, 0.0, 0.0, 0.0, 1.0], MA=[3.0, 3.0, 3.0, 3.0, 3.0, 3.0, 3.0, 3.0, 3.0], MS3=[-2.0, 0.0, 0.0, 0.0, 1.0, 1.0, 1.0, -2.0, 4.0, 4.0, 4.0, -2.0, 0.0, 0.0, 0.0, 1.0, 1.0, 1.0, -2.0, 4.0, 4.0, 4.0, -2.0, 0.0, 0.0, 0.0, 1.0, 1.0, 1.0, -2.0, 4.0, 4.0, 4.0, -2.0, 0.0, 0.0, 0.0, 1.0, 1.0, 1.0, -2.0, 4.0, 4.0, 4.0, -2.0, 0.0, 0.0, 0.0, 1.0, 1.0, 1.0, -2.0, 4.0, 4.0, 4.0, -2.0, 0.0, 0.0, 1.0, 1.0, 1.0, -2.0, 4.0, 4.0, 4.0, -2.0, 0.0, 0.0, 0.0, 1.0, 1.0, -2.0, 4.0, 4.0, -2.0, 0.0, 0.0, 0.0, 1.0, 1.0, 1.0, -2.0, 4.0, 4.0, 4.0, 0.0, 0.0, 0.0, 1.0, 1.0, 1.0, -2.0, 4.0, 4.0, 4.0]}&gt;" type="java.lang.AssertionError">java.lang.AssertionError: expected:&lt;{JW1=[1.0], MA=[3.0]}&gt; but was:&lt;{JW1=[1.0, 0.0, 1.0, 0.0, 1.0, 0.0, 1.0, 0.0, 1.0, 0.0, 0.0, 0.0, 1.0], MA=[3.0, 3.0, 3.0, 3.0, 3.0, 3.0, 3.0, 3.0, 3.0], MS3=[-2.0, 0.0, 0.0, 0.0, 1.0, 1.0, 1.0, -2.0, 4.0, 4.0, 4.0, -2.0, 0.0, 0.0, 0.0, 1.0, 1.0, 1.0, -2.0, 4.0, 4.0, 4.0, -2.0, 0.0, 0.0, 0.0, 1.0, 1.0, 1.0, -2.0, 4.0, 4.0, 4.0, -2.0, 0.0, 0.0, 0.0, 1.0, 1.0, 1.0, -2.0, 4.0, 4.0, 4.0, -2.0, 0.0, 0.0, 0.0, 1.0, 1.0, 1.0, -2.0, 4.0, 4.0, 4.0, -2.0, 0.0, 0.0, 1.0, 1.0, 1.0, -2.0, 4.0, 4.0, 4.0, -2.0, 0.0, 0.0, 0.0, 1.0, 1.0, -2.0, 4.0, 4.0, -2.0, 0.0, 0.0, 0.0, 1.0, 1.0, 1.0, -2.0, 4.0, 4.0, 4.0, 0.0, 0.0, 0.0, 1.0, 1.0, 1.0, -2.0, 4.0, 4.0, 4.0]}&gt;
	at org.junit.Assert.fail(Assert.java:88)
	at org.junit.Assert.failNotEquals(Assert.java:834)
	at org.junit.Assert.assertEquals(Assert.java:118)
	at org.junit.Assert.assertEquals(Assert.java:144)
	at pt.ipp.isep.dei.lapr2.pot.model.RegistryOrganizationsTest.determineDelayPlatform(RegistryOrganizationsTest.java:216)
	at sun.reflect.NativeMethodAccessorImpl.invoke0(Native Method)
	at sun.reflect.NativeMethodAccessorImpl.invoke(NativeMethodAccessorImpl.java:62)
	at sun.reflect.DelegatingMethodAccessorImpl.invoke(DelegatingMethodAccessorImpl.java:43)
	at java.lang.reflect.Method.invoke(Method.java:498)
	at org.junit.runners.model.FrameworkMethod$1.runReflectiveCall(FrameworkMethod.java:50)
	at org.junit.internal.runners.model.ReflectiveCallable.run(ReflectiveCallable.java:12)
	at org.junit.runners.model.FrameworkMethod.invokeExplosively(FrameworkMethod.java:47)
	at org.junit.internal.runners.statements.InvokeMethod.evaluate(InvokeMethod.java:17)
	at org.junit.runners.ParentRunner.runLeaf(ParentRunner.java:325)
	at org.junit.runners.BlockJUnit4ClassRunner.runChild(BlockJUnit4ClassRunner.java:78)
	at org.junit.runners.BlockJUnit4ClassRunner.runChild(BlockJUnit4ClassRunner.java:57)
	at org.junit.runners.ParentRunner$3.run(ParentRunner.java:290)
	at org.junit.runners.ParentRunner$1.schedule(ParentRunner.java:71)
	at org.junit.runners.ParentRunner.runChildren(ParentRunner.java:288)
	at org.junit.runners.ParentRunner.access$000(ParentRunner.java:58)
	at org.junit.runners.ParentRunner$2.evaluate(ParentRunner.java:268)
	at org.junit.runners.ParentRunner.run(ParentRunner.java:363)
	at org.apache.maven.surefire.junit4.JUnit4Provider.execute(JUnit4Provider.java:252)
	at org.apache.maven.surefire.junit4.JUnit4Provider.executeTestSet(JUnit4Provider.java:141)
	at org.apache.maven.surefire.junit4.JUnit4Provider.invoke(JUnit4Provider.java:112)
	at sun.reflect.NativeMethodAccessorImpl.invoke0(Native Method)
	at sun.reflect.NativeMethodAccessorImpl.invoke(NativeMethodAccessorImpl.java:62)
	at sun.reflect.DelegatingMethodAccessorImpl.invoke(DelegatingMethodAccessorImpl.java:43)
	at java.lang.reflect.Method.invoke(Method.java:498)
	at org.apache.maven.surefire.util.ReflectionUtils.invokeMethodWithArray(ReflectionUtils.java:189)
	at org.apache.maven.surefire.booter.ProviderFactory$ProviderProxy.invoke(ProviderFactory.java:165)
	at org.apache.maven.surefire.booter.ProviderFactory.invokeProvider(ProviderFactory.java:85)
	at org.apache.maven.surefire.booter.ForkedBooter.runSuitesInProcess(ForkedBooter.java:115)
	at org.apache.maven.surefire.booter.ForkedBooter.main(ForkedBooter.java:75)
</failure>
  </testcase>
  <testcase classname="pt.ipp.isep.dei.lapr2.pot.model.RegistryOrganizationsTest" name="calculateNormalDistribution" time="0.05"/>
  <testcase classname="pt.ipp.isep.dei.lapr2.pot.model.RegistryOrganizationsTest" name="calculateDeviationPayment" time="0.022">
    <failure message="expected:&lt;{MS3=1500.0}&gt; but was:&lt;{JW1=29.58039891549808, MA=36.2284418654736, MS3=1923.5887105807456}&gt;" type="java.lang.AssertionError">java.lang.AssertionError: expected:&lt;{MS3=1500.0}&gt; but was:&lt;{JW1=29.58039891549808, MA=36.2284418654736, MS3=1923.5887105807456}&gt;
	at org.junit.Assert.fail(Assert.java:88)
	at org.junit.Assert.failNotEquals(Assert.java:834)
	at org.junit.Assert.assertEquals(Assert.java:118)
	at org.junit.Assert.assertEquals(Assert.java:144)
	at pt.ipp.isep.dei.lapr2.pot.model.RegistryOrganizationsTest.calculateDeviationPayment(RegistryOrganizationsTest.java:166)
	at sun.reflect.NativeMethodAccessorImpl.invoke0(Native Method)
	at sun.reflect.NativeMethodAccessorImpl.invoke(NativeMethodAccessorImpl.java:62)
	at sun.reflect.DelegatingMethodAccessorImpl.invoke(DelegatingMethodAccessorImpl.java:43)
	at java.lang.reflect.Method.invoke(Method.java:498)
	at org.junit.runners.model.FrameworkMethod$1.runReflectiveCall(FrameworkMethod.java:50)
	at org.junit.internal.runners.model.ReflectiveCallable.run(ReflectiveCallable.java:12)
	at org.junit.runners.model.FrameworkMethod.invokeExplosively(FrameworkMethod.java:47)
	at org.junit.internal.runners.statements.InvokeMethod.evaluate(InvokeMethod.java:17)
	at org.junit.runners.ParentRunner.runLeaf(ParentRunner.java:325)
	at org.junit.runners.BlockJUnit4ClassRunner.runChild(BlockJUnit4ClassRunner.java:78)
	at org.junit.runners.BlockJUnit4ClassRunner.runChild(BlockJUnit4ClassRunner.java:57)
	at org.junit.runners.ParentRunner$3.run(ParentRunner.java:290)
	at org.junit.runners.ParentRunner$1.schedule(ParentRunner.java:71)
	at org.junit.runners.ParentRunner.runChildren(ParentRunner.java:288)
	at org.junit.runners.ParentRunner.access$000(ParentRunner.java:58)
	at org.junit.runners.ParentRunner$2.evaluate(ParentRunner.java:268)
	at org.junit.runners.ParentRunner.run(ParentRunner.java:363)
	at org.apache.maven.surefire.junit4.JUnit4Provider.execute(JUnit4Provider.java:252)
	at org.apache.maven.surefire.junit4.JUnit4Provider.executeTestSet(JUnit4Provider.java:141)
	at org.apache.maven.surefire.junit4.JUnit4Provider.invoke(JUnit4Provider.java:112)
	at sun.reflect.NativeMethodAccessorImpl.invoke0(Native Method)
	at sun.reflect.NativeMethodAccessorImpl.invoke(NativeMethodAccessorImpl.java:62)
	at sun.reflect.DelegatingMethodAccessorImpl.invoke(DelegatingMethodAccessorImpl.java:43)
	at java.lang.reflect.Method.invoke(Method.java:498)
	at org.apache.maven.surefire.util.ReflectionUtils.invokeMethodWithArray(ReflectionUtils.java:189)
	at org.apache.maven.surefire.booter.ProviderFactory$ProviderProxy.invoke(ProviderFactory.java:165)
	at org.apache.maven.surefire.booter.ProviderFactory.invokeProvider(ProviderFactory.java:85)
	at org.apache.maven.surefire.booter.ForkedBooter.runSuitesInProcess(ForkedBooter.java:115)
	at org.apache.maven.surefire.booter.ForkedBooter.main(ForkedBooter.java:75)
</failure>
  </testcase>
  <testcase classname="pt.ipp.isep.dei.lapr2.pot.model.RegistryOrganizationsTest" name="calculateDeviationDelay" time="0.02">
    <failure message="expected:&lt;{MA=0.0, MS3=1.5}&gt; but was:&lt;{JW1=0.4930066485916347, MA=0.5692750425533111, MS3=2.1116894410211193}&gt;" type="java.lang.AssertionError">java.lang.AssertionError: expected:&lt;{MA=0.0, MS3=1.5}&gt; but was:&lt;{JW1=0.4930066485916347, MA=0.5692750425533111, MS3=2.1116894410211193}&gt;
	at org.junit.Assert.fail(Assert.java:88)
	at org.junit.Assert.failNotEquals(Assert.java:834)
	at org.junit.Assert.assertEquals(Assert.java:118)
	at org.junit.Assert.assertEquals(Assert.java:144)
	at pt.ipp.isep.dei.lapr2.pot.model.RegistryOrganizationsTest.calculateDeviationDelay(RegistryOrganizationsTest.java:355)
	at sun.reflect.NativeMethodAccessorImpl.invoke0(Native Method)
	at sun.reflect.NativeMethodAccessorImpl.invoke(NativeMethodAccessorImpl.java:62)
	at sun.reflect.DelegatingMethodAccessorImpl.invoke(DelegatingMethodAccessorImpl.java:43)
	at java.lang.reflect.Method.invoke(Method.java:498)
	at org.junit.runners.model.FrameworkMethod$1.runReflectiveCall(FrameworkMethod.java:50)
	at org.junit.internal.runners.model.ReflectiveCallable.run(ReflectiveCallable.java:12)
	at org.junit.runners.model.FrameworkMethod.invokeExplosively(FrameworkMethod.java:47)
	at org.junit.internal.runners.statements.InvokeMethod.evaluate(InvokeMethod.java:17)
	at org.junit.runners.ParentRunner.runLeaf(ParentRunner.java:325)
	at org.junit.runners.BlockJUnit4ClassRunner.runChild(BlockJUnit4ClassRunner.java:78)
	at org.junit.runners.BlockJUnit4ClassRunner.runChild(BlockJUnit4ClassRunner.java:57)
	at org.junit.runners.ParentRunner$3.run(ParentRunner.java:290)
	at org.junit.runners.ParentRunner$1.schedule(ParentRunner.java:71)
	at org.junit.runners.ParentRunner.runChildren(ParentRunner.java:288)
	at org.junit.runners.ParentRunner.access$000(ParentRunner.java:58)
	at org.junit.runners.ParentRunner$2.evaluate(ParentRunner.java:268)
	at org.junit.runners.ParentRunner.run(ParentRunner.java:363)
	at org.apache.maven.surefire.junit4.JUnit4Provider.execute(JUnit4Provider.java:252)
	at org.apache.maven.surefire.junit4.JUnit4Provider.executeTestSet(JUnit4Provider.java:141)
	at org.apache.maven.surefire.junit4.JUnit4Provider.invoke(JUnit4Provider.java:112)
	at sun.reflect.NativeMethodAccessorImpl.invoke0(Native Method)
	at sun.reflect.NativeMethodAccessorImpl.invoke(NativeMethodAccessorImpl.java:62)
	at sun.reflect.DelegatingMethodAccessorImpl.invoke(DelegatingMethodAccessorImpl.java:43)
	at java.lang.reflect.Method.invoke(Method.java:498)
	at org.apache.maven.surefire.util.ReflectionUtils.invokeMethodWithArray(ReflectionUtils.java:189)
	at org.apache.maven.surefire.booter.ProviderFactory$ProviderProxy.invoke(ProviderFactory.java:165)
	at org.apache.maven.surefire.booter.ProviderFactory.invokeProvider(ProviderFactory.java:85)
	at org.apache.maven.surefire.booter.ForkedBooter.runSuitesInProcess(ForkedBooter.java:115)
	at org.apache.maven.surefire.booter.ForkedBooter.main(ForkedBooter.java:75)
</failure>
  </testcase>
  <testcase classname="pt.ipp.isep.dei.lapr2.pot.model.RegistryOrganizationsTest" name="calculateMeanDelay" time="0.021">
    <failure message="expected:&lt;{MA=3.0, MS3=3.5}&gt; but was:&lt;{JW1=0.4166666666666667, MA=3.0, MS3=1.0618556701030928}&gt;" type="java.lang.AssertionError">java.lang.AssertionError: expected:&lt;{MA=3.0, MS3=3.5}&gt; but was:&lt;{JW1=0.4166666666666667, MA=3.0, MS3=1.0618556701030928}&gt;
	at org.junit.Assert.fail(Assert.java:88)
	at org.junit.Assert.failNotEquals(Assert.java:834)
	at org.junit.Assert.assertEquals(Assert.java:118)
	at org.junit.Assert.assertEquals(Assert.java:144)
	at pt.ipp.isep.dei.lapr2.pot.model.RegistryOrganizationsTest.calculateMeanDelay(RegistryOrganizationsTest.java:284)
	at sun.reflect.NativeMethodAccessorImpl.invoke0(Native Method)
	at sun.reflect.NativeMethodAccessorImpl.invoke(NativeMethodAccessorImpl.java:62)
	at sun.reflect.DelegatingMethodAccessorImpl.invoke(DelegatingMethodAccessorImpl.java:43)
	at java.lang.reflect.Method.invoke(Method.java:498)
	at org.junit.runners.model.FrameworkMethod$1.runReflectiveCall(FrameworkMethod.java:50)
	at org.junit.internal.runners.model.ReflectiveCallable.run(ReflectiveCallable.java:12)
	at org.junit.runners.model.FrameworkMethod.invokeExplosively(FrameworkMethod.java:47)
	at org.junit.internal.runners.statements.InvokeMethod.evaluate(InvokeMethod.java:17)
	at org.junit.runners.ParentRunner.runLeaf(ParentRunner.java:325)
	at org.junit.runners.BlockJUnit4ClassRunner.runChild(BlockJUnit4ClassRunner.java:78)
	at org.junit.runners.BlockJUnit4ClassRunner.runChild(BlockJUnit4ClassRunner.java:57)
	at org.junit.runners.ParentRunner$3.run(ParentRunner.java:290)
	at org.junit.runners.ParentRunner$1.schedule(ParentRunner.java:71)
	at org.junit.runners.ParentRunner.runChildren(ParentRunner.java:288)
	at org.junit.runners.ParentRunner.access$000(ParentRunner.java:58)
	at org.junit.runners.ParentRunner$2.evaluate(ParentRunner.java:268)
	at org.junit.runners.ParentRunner.run(ParentRunner.java:363)
	at org.apache.maven.surefire.junit4.JUnit4Provider.execute(JUnit4Provider.java:252)
	at org.apache.maven.surefire.junit4.JUnit4Provider.executeTestSet(JUnit4Provider.java:141)
	at org.apache.maven.surefire.junit4.JUnit4Provider.invoke(JUnit4Provider.java:112)
	at sun.reflect.NativeMethodAccessorImpl.invoke0(Native Method)
	at sun.reflect.NativeMethodAccessorImpl.invoke(NativeMethodAccessorImpl.java:62)
	at sun.reflect.DelegatingMethodAccessorImpl.invoke(DelegatingMethodAccessorImpl.java:43)
	at java.lang.reflect.Method.invoke(Method.java:498)
	at org.apache.maven.surefire.util.ReflectionUtils.invokeMethodWithArray(ReflectionUtils.java:189)
	at org.apache.maven.surefire.booter.ProviderFactory$ProviderProxy.invoke(ProviderFactory.java:165)
	at org.apache.maven.surefire.booter.ProviderFactory.invokeProvider(ProviderFactory.java:85)
	at org.apache.maven.surefire.booter.ForkedBooter.runSuitesInProcess(ForkedBooter.java:115)
	at org.apache.maven.surefire.booter.ForkedBooter.main(ForkedBooter.java:75)
</failure>
  </testcase>
</testsuite>